# JRE version: Java(TM) SE Runtime Environment 18.9 (11.0.22+9) (build 11.0.22+9-LTS-219)
# Java VM: Java HotSpot(TM) 64-Bit Server VM 18.9 (11.0.22+9-LTS-219, mixed mode, tiered, compressed oops, g1 gc, windows-amd64)
Heap:
 garbage-first heap   total 126976K, used 24561K [0x0000000085800000, 0x0000000100000000)
  region size 1024K, 18 young (18432K), 2 survivors (2048K)
 Metaspace       used 25606K, capacity 26810K, committed 27008K, reserved 1073152K
  class space    used 2831K, capacity 3334K, committed 3456K, reserved 1048576K
GC Heap History (8 events):
Event: 0.748 GC heap before
{Heap before GC invocations=0 (full 0):
 garbage-first heap   total 126976K, used 23552K [0x0000000085800000, 0x0000000100000000)
  region size 1024K, 24 young (24576K), 0 survivors (0K)
 Metaspace       used 13002K, capacity 13219K, committed 13440K, reserved 1060864K
  class space    used 1271K, capacity 1347K, committed 1408K, reserved 1048576K
}
Event: 0.752 GC heap after
{Heap after GC invocations=1 (full 0):
 garbage-first heap   total 126976K, used 4452K [0x0000000085800000, 0x0000000100000000)
  region size 1024K, 3 young (3072K), 3 survivors (3072K)
 Metaspace       used 13002K, capacity 13219K, committed 13440K, reserved 1060864K
  class space    used 1271K, capacity 1347K, committed 1408K, reserved 1048576K
}
Event: 1.738 GC heap before
{Heap before GC invocations=1 (full 0):
 garbage-first heap   total 126976K, used 49508K [0x0000000085800000, 0x0000000100000000)
  region size 1024K, 48 young (49152K), 3 survivors (3072K)
 Metaspace       used 20519K, capacity 21240K, committed 21248K, reserved 1069056K
  class space    used 2262K, capacity 2553K, committed 2560K, reserved 1048576K
}
Event: 1.744 GC heap after
{Heap after GC invocations=2 (full 0):
 garbage-first heap   total 126976K, used 7358K [0x0000000085800000, 0x0000000100000000)
  region size 1024K, 6 young (6144K), 6 survivors (6144K)
 Metaspace       used 20519K, capacity 21240K, committed 21248K, reserved 1069056K
  class space    used 2262K, capacity 2553K, committed 2560K, reserved 1048576K
}
Event: 11.150 GC heap before
{Heap before GC invocations=3 (full 0):
 garbage-first heap   total 126976K, used 52414K [0x0000000085800000, 0x0000000100000000)
  region size 1024K, 50 young (51200K), 6 survivors (6144K)
 Metaspace       used 24746K, capacity 25901K, committed 26112K, reserved 1073152K
  class space    used 2818K, capacity 3298K, committed 3328K, reserved 1048576K
}
Event: 11.158 GC heap after
{Heap after GC invocations=4 (full 0):
 garbage-first heap   total 126976K, used 9203K [0x0000000085800000, 0x0000000100000000)
  region size 1024K, 5 young (5120K), 5 survivors (5120K)
 Metaspace       used 24746K, capacity 25901K, committed 26112K, reserved 1073152K
  class space    used 2818K, capacity 3298K, committed 3328K, reserved 1048576K
}
Event: 64.460 GC heap before
{Heap before GC invocations=4 (full 0):
 garbage-first heap   total 126976K, used 67571K [0x0000000085800000, 0x0000000100000000)
  region size 1024K, 62 young (63488K), 5 survivors (5120K)
 Metaspace       used 25345K, capacity 26546K, committed 26624K, reserved 1073152K
  class space    used 2824K, capacity 3302K, committed 3328K, reserved 1048576K
}
Event: 64.466 GC heap after
{Heap after GC invocations=5 (full 0):
 garbage-first heap   total 126976K, used 9201K [0x0000000085800000, 0x0000000100000000)
  region size 1024K, 2 young (2048K), 2 survivors (2048K)
 Metaspace       used 25345K, capacity 26546K, committed 26624K, reserved 1073152K
  class space    used 2824K, capacity 3302K, committed 3328K, reserved 1048576K
}

