<?xml version="1.0" encoding="UTF-8"?>
<testsuite xmlns:xsi="http://www.w3.org/2001/XMLSchema-instance" xsi:noNamespaceSchemaLocation="https://maven.apache.org/surefire/maven-surefire-plugin/xsd/surefire-test-report.xsd" name="PNR Generation" time="41.969" tests="1" errors="1" skipped="0" failures="0">
  <properties>
[...]
</properties>
  <testcase name="Generate PNR reference with Pay Later option" classname="PNR Generation" time="41.969">
    <error message="stale element reference: stale element not found in the current frame&#10;  (Session info: chrome=126.0.6478.114)&#10;For documentation on this error, please visit: https://www.selenium.dev/documentation/webdriver/troubleshooting/errors#stale-element-reference-exception&#10;Build info: version: &apos;4.21.0&apos;, revision: &apos;79ed462ef4&apos;&#10;System info: os.name: &apos;Windows 11&apos;, os.arch: &apos;amd64&apos;, os.version: &apos;10.0&apos;, java.version: &apos;11.0.22&apos;&#10;Driver info: org.openqa.selenium.chrome.ChromeDriver&#10;Command: [272945670f6a341316d702acccc4756c, findChildElements {using=class name, id=f.AF54F9B63E65BFEC3C885E1E2043A3C4.d.4F1D5AAE251F84B9CF3F970BEE3B5319.e.1155, value=flight-aircraft-type}]&#10;Capabilities {acceptInsecureCerts: false, browserName: chrome, browserVersion: 126.0.6478.114, chrome: {chromedriverVersion: 126.0.6478.63 (df799988fdc9..., userDataDir: C:\Users\deven\AppData\Loca...}, fedcm:accounts: true, goog:chromeOptions: {debuggerAddress: localhost:49328}, networkConnectionEnabled: false, pageLoadStrategy: normal, platformName: windows, proxy: Proxy(), se:cdp: ws://localhost:49328/devtoo..., se:cdpVersion: 126.0.6478.114, setWindowRect: true, strictFileInteractability: false, timeouts: {implicit: 0, pageLoad: 300000, script: 30000}, unhandledPromptBehavior: dismiss and notify, webauthn:extension:credBlob: true, webauthn:extension:largeBlob: true, webauthn:extension:minPinLength: true, webauthn:extension:prf: true, webauthn:virtualAuthenticators: true}&#10;Session ID: 272945670f6a341316d702acccc4756c" type="org.openqa.selenium.StaleElementReferenceException">org.openqa.selenium.StaleElementReferenceException: 
stale element reference: stale element not found in the current frame
  (Session info: chrome=126.0.6478.114)
For documentation on this error, please visit: https://www.selenium.dev/documentation/webdriver/troubleshooting/errors#stale-element-reference-exception
Build info: version: '4.21.0', revision: '79ed462ef4'
System info: os.name: 'Windows 11', os.arch: 'amd64', os.version: '10.0', java.version: '11.0.22'
Driver info: org.openqa.selenium.chrome.ChromeDriver
Command: [272945670f6a341316d702acccc4756c, findChildElements {using=class name, id=f.AF54F9B63E65BFEC3C885E1E2043A3C4.d.4F1D5AAE251F84B9CF3F970BEE3B5319.e.1155, value=flight-aircraft-type}]
Capabilities {acceptInsecureCerts: false, browserName: chrome, browserVersion: 126.0.6478.114, chrome: {chromedriverVersion: 126.0.6478.63 (df799988fdc9..., userDataDir: C:\Users\deven\AppData\Loca...}, fedcm:accounts: true, goog:chromeOptions: {debuggerAddress: localhost:49328}, networkConnectionEnabled: false, pageLoadStrategy: normal, platformName: windows, proxy: Proxy(), se:cdp: ws://localhost:49328/devtoo..., se:cdpVersion: 126.0.6478.114, setWindowRect: true, strictFileInteractability: false, timeouts: {implicit: 0, pageLoad: 300000, script: 30000}, unhandledPromptBehavior: dismiss and notify, webauthn:extension:credBlob: true, webauthn:extension:largeBlob: true, webauthn:extension:minPinLength: true, webauthn:extension:prf: true, webauthn:virtualAuthenticators: true}
Session ID: 272945670f6a341316d702acccc4756c
</error>
    <system-out><![CDATA[
@IntegrationTest
Scenario: Generate PNR reference with Pay Later option                           # src/test/resources/features/pnr.feature:4
Thread ID - 17  feature file.
  Given Home page of fly dubai Book flight and route information to search route # org.test.glue.definition.PnrGenerationDefinition.home_page_of_fly_dubai_book_flight_and_route_information_to_search_route()
{departureDate=}
  And select departure flight tab and chose fare band                            # org.test.glue.definition.PnrGenerationDefinition.select_departure_flight_tab_and_chose_fare_band()
      org.openqa.selenium.StaleElementReferenceException: stale element reference: stale element not found in the current frame
  (Session info: chrome=126.0.6478.114)
For documentation on this error, please visit: https://www.selenium.dev/documentation/webdriver/troubleshooting/errors#stale-element-reference-exception
Build info: version: '4.21.0', revision: '79ed462ef4'
System info: os.name: 'Windows 11', os.arch: 'amd64', os.version: '10.0', java.version: '11.0.22'
Driver info: org.openqa.selenium.chrome.ChromeDriver
Command: [272945670f6a341316d702acccc4756c, findChildElements {using=class name, id=f.AF54F9B63E65BFEC3C885E1E2043A3C4.d.4F1D5AAE251F84B9CF3F970BEE3B5319.e.1155, value=flight-aircraft-type}]
Capabilities {acceptInsecureCerts: false, browserName: chrome, browserVersion: 126.0.6478.114, chrome: {chromedriverVersion: 126.0.6478.63 (df799988fdc9..., userDataDir: C:\Users\deven\AppData\Loca...}, fedcm:accounts: true, goog:chromeOptions: {debuggerAddress: localhost:49328}, networkConnectionEnabled: false, pageLoadStrategy: normal, platformName: windows, proxy: Proxy(), se:cdp: ws://localhost:49328/devtoo..., se:cdpVersion: 126.0.6478.114, setWindowRect: true, strictFileInteractability: false, timeouts: {implicit: 0, pageLoad: 300000, script: 30000}, unhandledPromptBehavior: dismiss and notify, webauthn:extension:credBlob: true, webauthn:extension:largeBlob: true, webauthn:extension:minPinLength: true, webauthn:extension:prf: true, webauthn:virtualAuthenticators: true}
Session ID: 272945670f6a341316d702acccc4756c
	at java.base/jdk.internal.reflect.NativeConstructorAccessorImpl.newInstance0(Native Method)
	at java.base/jdk.internal.reflect.NativeConstructorAccessorImpl.newInstance(NativeConstructorAccessorImpl.java:62)
	at java.base/jdk.internal.reflect.DelegatingConstructorAccessorImpl.newInstance(DelegatingConstructorAccessorImpl.java:45)
	at java.base/java.lang.reflect.Constructor.newInstance(Constructor.java:490)
	at org.openqa.selenium.remote.ErrorCodec.decode(ErrorCodec.java:167)
	at org.openqa.selenium.remote.codec.w3c.W3CHttpResponseCodec.decode(W3CHttpResponseCodec.java:138)
	at org.openqa.selenium.remote.codec.w3c.W3CHttpResponseCodec.decode(W3CHttpResponseCodec.java:50)
	at org.openqa.selenium.remote.HttpCommandExecutor.execute(HttpCommandExecutor.java:190)
	at org.openqa.selenium.remote.service.DriverCommandExecutor.invokeExecute(DriverCommandExecutor.java:216)
	at org.openqa.selenium.remote.service.DriverCommandExecutor.execute(DriverCommandExecutor.java:174)
	at org.openqa.selenium.remote.RemoteWebDriver.execute(RemoteWebDriver.java:518)
	at org.openqa.selenium.remote.ElementLocation$ElementFinder$2.findElements(ElementLocation.java:182)
	at org.openqa.selenium.remote.ElementLocation.findElements(ElementLocation.java:103)
	at org.openqa.selenium.remote.RemoteWebDriver.findElements(RemoteWebDriver.java:368)
	at org.openqa.selenium.remote.RemoteWebElement.findElements(RemoteWebElement.java:203)
	at org.openqa.selenium.support.ui.ExpectedConditions$43.apply(ExpectedConditions.java:1231)
	at org.openqa.selenium.support.ui.ExpectedConditions$43.apply(ExpectedConditions.java:1227)
	at org.openqa.selenium.support.ui.FluentWait.until(FluentWait.java:203)
	at org.test.glue.definition.PnrGenerationDefinition.select_departure_flight_tab_and_chose_fare_band(PnrGenerationDefinition.java:89)
	at âœ½.select departure flight tab and chose fare band(file:///C:/Users/deven/eclipse-workspace/fly_dubai/src/test/resources/features/pnr.feature:6)

  And select return flight and chose fare band                                   # org.test.glue.definition.PnrGenerationDefinition.select_return_flight_and_chose_fare_band()
  When baggae information displayed select Extra baggage                         # org.test.glue.definition.PnrGenerationDefinition.baggae_information_displayed_select_extra_baggage()
  And click continue to passenger details                                        # org.test.glue.definition.PnrGenerationDefinition.click_continue_to_passenger_details()
  When passenger details page display fill passgenger details                    # org.test.glue.definition.PnrGenerationDefinition.passenger_details_page_display_fill_passgenger_details()
  Then Reveiw booking                                                            # org.test.glue.definition.PnrGenerationDefinition.reveiw_booking()
  And Generate Pnr with Pay Later Option                                         # org.test.glue.definition.PnrGenerationDefinition.generate_Pnr_With_Pay_Later_Option()

    Embedding screenshot [image/png 72761 bytes]

]]></system-out>
    <system-err><![CDATA[Jun 21, 2024 9:43:49 PM org.openqa.selenium.devtools.CdpVersionFinder findNearestMatch
WARNING: Unable to find an exact match for CDP version 126, returning the closest version; found: 125; Please update to a Selenium version that supports CDP version 126
]]></system-err>
  </testcase>
</testsuite>